2024-01-29T23:24:51.630+0800	INFO	api/api.go:23	{0x103518860}
2024-01-31T00:58:47.884+0800	INFO	rcon/client.go:156	result->Broadcasted: hello

2024-01-31T00:58:52.972+0800	INFO	rcon/client.go:156	result->Broadcasted: hello

2024-01-31T02:58:06.309+0800	INFO	rcon/client.go:170	result->Broadcasted: 123222111

2024-01-31T06:06:55.003+0800	DEBUG	job/autoBackUp.go:53	不需要备份,0.00
2024-01-31T06:07:00.000+0800	DEBUG	job/autoBackUp.go:53	不需要备份,5.00
2024-01-31T06:07:05.000+0800	DEBUG	job/autoBackUp.go:53	不需要备份,10.00
2024-01-31T06:07:10.000+0800	DEBUG	job/autoBackUp.go:53	不需要备份,15.00
2024-01-31T06:07:15.000+0800	DEBUG	job/autoBackUp.go:53	不需要备份,20.00
2024-01-31T06:07:20.000+0800	DEBUG	job/autoBackUp.go:53	不需要备份,25.00
2024-01-31T06:07:25.001+0800	DEBUG	job/autoBackUp.go:53	不需要备份,30.00
2024-01-31T06:07:30.000+0800	DEBUG	job/autoBackUp.go:53	不需要备份,35.00
2024-01-31T06:07:35.000+0800	DEBUG	job/autoBackUp.go:53	不需要备份,40.00
2024-01-31T06:07:40.000+0800	DEBUG	job/autoBackUp.go:53	不需要备份,45.00
2024-01-31T06:07:45.000+0800	DEBUG	job/autoBackUp.go:53	不需要备份,50.00
2024-01-31T06:07:50.000+0800	DEBUG	job/autoBackUp.go:53	不需要备份,55.00
2024-01-31T06:07:55.000+0800	DEBUG	job/autoBackUp.go:53	不需要备份,60.00
2024-01-31T06:08:00.000+0800	DEBUG	job/autoBackUp.go:53	不需要备份,65.00
2024-01-31T06:08:05.000+0800	DEBUG	job/autoBackUp.go:53	不需要备份,70.00
2024-01-31T06:08:10.001+0800	DEBUG	job/autoBackUp.go:53	不需要备份,75.00
2024-01-31T06:08:15.000+0800	DEBUG	job/autoBackUp.go:53	不需要备份,80.00
2024-01-31T06:08:20.000+0800	DEBUG	job/autoBackUp.go:53	不需要备份,85.00
2024-01-31T06:08:25.001+0800	DEBUG	job/autoBackUp.go:53	不需要备份,90.00
2024-01-31T06:08:30.000+0800	DEBUG	job/autoBackUp.go:53	不需要备份,95.00
2024-01-31T06:08:35.000+0800	DEBUG	job/autoBackUp.go:53	不需要备份,100.00
2024-01-31T06:08:40.000+0800	DEBUG	job/autoBackUp.go:53	不需要备份,105.00
2024-01-31T06:08:45.001+0800	DEBUG	job/autoBackUp.go:53	不需要备份,110.00
2024-01-31T06:08:50.000+0800	DEBUG	job/autoBackUp.go:53	不需要备份,115.00
2024-01-31T06:08:55.000+0800	DEBUG	job/autoBackUp.go:53	不需要备份,120.00
2024-01-31T06:09:00.000+0800	DEBUG	job/autoBackUp.go:53	不需要备份,125.00
2024-01-31T06:09:05.001+0800	DEBUG	job/autoBackUp.go:53	不需要备份,130.00
2024-01-31T06:09:10.000+0800	DEBUG	job/autoBackUp.go:53	不需要备份,135.00
2024-01-31T06:09:15.000+0800	DEBUG	job/autoBackUp.go:53	不需要备份,140.00
2024-01-31T06:09:20.000+0800	DEBUG	job/autoBackUp.go:53	不需要备份,145.00
2024-01-31T06:09:25.000+0800	DEBUG	job/autoBackUp.go:53	不需要备份,150.00
2024-01-31T06:09:30.000+0800	DEBUG	job/autoBackUp.go:53	不需要备份,155.00
2024-01-31T06:09:35.000+0800	DEBUG	job/autoBackUp.go:53	不需要备份,160.00
2024-01-31T06:09:40.000+0800	DEBUG	job/autoBackUp.go:53	不需要备份,165.00
2024-01-31T06:09:45.000+0800	DEBUG	job/autoBackUp.go:53	不需要备份,170.00
2024-01-31T06:09:50.000+0800	DEBUG	job/autoBackUp.go:53	不需要备份,175.00
2024-01-31T06:09:55.000+0800	DEBUG	job/autoBackUp.go:53	不需要备份,180.00
2024-01-31T06:10:00.000+0800	DEBUG	job/autoBackUp.go:53	不需要备份,185.00
2024-01-31T06:10:05.000+0800	DEBUG	job/autoBackUp.go:53	不需要备份,190.00
2024-01-31T06:10:10.000+0800	DEBUG	job/autoBackUp.go:53	不需要备份,195.00
2024-01-31T06:10:15.000+0800	DEBUG	job/autoBackUp.go:53	不需要备份,200.00
2024-01-31T06:10:20.000+0800	DEBUG	job/autoBackUp.go:53	不需要备份,205.00
2024-01-31T06:10:25.000+0800	DEBUG	job/autoBackUp.go:53	不需要备份,210.00
2024-01-31T06:10:30.000+0800	DEBUG	job/autoBackUp.go:53	不需要备份,215.00
2024-01-31T06:10:35.000+0800	DEBUG	job/autoBackUp.go:53	不需要备份,220.00
2024-01-31T06:10:40.000+0800	DEBUG	job/autoBackUp.go:53	不需要备份,225.00
2024-01-31T06:10:45.000+0800	DEBUG	job/autoBackUp.go:53	不需要备份,230.00
2024-01-31T06:10:50.001+0800	DEBUG	job/autoBackUp.go:53	不需要备份,235.00
2024-01-31T06:10:55.001+0800	DEBUG	job/autoBackUp.go:53	不需要备份,240.00
2024-01-31T06:11:00.000+0800	DEBUG	job/autoBackUp.go:53	不需要备份,245.00
2024-01-31T06:11:05.000+0800	DEBUG	job/autoBackUp.go:53	不需要备份,250.00
2024-01-31T06:11:10.000+0800	DEBUG	job/autoBackUp.go:53	不需要备份,255.00
2024-01-31T06:11:15.001+0800	DEBUG	job/autoBackUp.go:53	不需要备份,260.00
2024-01-31T06:11:20.000+0800	DEBUG	job/autoBackUp.go:53	不需要备份,265.00
2024-01-31T06:11:25.001+0800	DEBUG	job/autoBackUp.go:53	不需要备份,270.00
2024-01-31T06:11:30.000+0800	DEBUG	job/autoBackUp.go:53	不需要备份,275.00
2024-01-31T06:11:35.000+0800	DEBUG	job/autoBackUp.go:53	不需要备份,280.00
2024-01-31T06:11:40.000+0800	DEBUG	job/autoBackUp.go:53	不需要备份,285.00
2024-01-31T06:11:45.000+0800	DEBUG	job/autoBackUp.go:53	不需要备份,290.00
2024-01-31T06:11:50.001+0800	DEBUG	job/autoBackUp.go:53	不需要备份,295.00
2024-01-31T06:11:55.000+0800	DEBUG	job/autoBackUp.go:53	不需要备份,300.00
2024-01-31T06:12:37.000+0800	DEBUG	job/autoBackUp.go:61	开始本地备份,源目录(/home/docker-palworld-dedicated-server/game/Pal/Saved),备份目录(/root/backup/),最大保留数(2000)
2024-01-31T06:12:37.017+0800	FATAL	backup/backup.go:32	Error: Source directory does not exist.
